kotlin version: 2.0.0
error message: org.jetbrains.kotlin.backend.common.BackendException: Backend Internal error: Exception during IR lowering
File being compiled: C:/Users/mejdi/AndroidStudioProjects/VanishedComposable/vanishComposable/src/main/java/com/example/vanishcomposable/composable/FullComposable.kt
The root cause java.lang.RuntimeException was thrown at: org.jetbrains.kotlin.backend.jvm.codegen.FunctionCodegen.generate(FunctionCodegen.kt:50)
	at org.jetbrains.kotlin.backend.common.CodegenUtil.reportBackendException(CodegenUtil.kt:253)
	at org.jetbrains.kotlin.backend.common.CodegenUtil.reportBackendException$default(CodegenUtil.kt:236)
	at org.jetbrains.kotlin.backend.common.phaser.PerformByIrFilePhase.invokeSequential(performByIrFile.kt:65)
	at org.jetbrains.kotlin.backend.common.phaser.PerformByIrFilePhase.invoke(performByIrFile.kt:52)
	at org.jetbrains.kotlin.backend.common.phaser.PerformByIrFilePhase.invoke(performByIrFile.kt:38)
	at org.jetbrains.kotlin.backend.common.phaser.NamedCompilerPhase.phaseBody(CompilerPhase.kt:166)
	at org.jetbrains.kotlin.backend.common.phaser.AbstractNamedCompilerPhase.invoke(CompilerPhase.kt:113)
	at org.jetbrains.kotlin.backend.common.phaser.CompositePhase.invoke(PhaseBuilders.kt:29)
	at org.jetbrains.kotlin.backend.common.phaser.CompositePhase.invoke(PhaseBuilders.kt:16)
	at org.jetbrains.kotlin.backend.common.phaser.NamedCompilerPhase.phaseBody(CompilerPhase.kt:166)
	at org.jetbrains.kotlin.backend.common.phaser.AbstractNamedCompilerPhase.invoke(CompilerPhase.kt:113)
	at org.jetbrains.kotlin.backend.common.phaser.CompilerPhaseKt.invokeToplevel(CompilerPhase.kt:62)
	at org.jetbrains.kotlin.backend.jvm.JvmIrCodegenFactory.invokeCodegen(JvmIrCodegenFactory.kt:371)
	at org.jetbrains.kotlin.codegen.CodegenFactory.generateModule(CodegenFactory.kt:47)
	at org.jetbrains.kotlin.backend.jvm.JvmIrCodegenFactory.generateModuleInFrontendIRMode(JvmIrCodegenFactory.kt:433)
	at org.jetbrains.kotlin.cli.jvm.compiler.pipeline.JvmCompilerPipelineKt.generateCodeFromIr(jvmCompilerPipeline.kt:241)
	at org.jetbrains.kotlin.cli.jvm.compiler.pipeline.JvmCompilerPipelineKt.compileModulesUsingFrontendIrAndLightTree(jvmCompilerPipeline.kt:140)
	at org.jetbrains.kotlin.cli.jvm.K2JVMCompiler.doExecute(K2JVMCompiler.kt:155)
	at org.jetbrains.kotlin.cli.jvm.K2JVMCompiler.doExecute(K2JVMCompiler.kt:50)
	at org.jetbrains.kotlin.cli.common.CLICompiler.execImpl(CLICompiler.kt:104)
	at org.jetbrains.kotlin.cli.common.CLICompiler.execImpl(CLICompiler.kt:48)
	at org.jetbrains.kotlin.cli.common.CLITool.exec(CLITool.kt:101)
	at org.jetbrains.kotlin.incremental.IncrementalJvmCompilerRunner.runCompiler(IncrementalJvmCompilerRunner.kt:453)
	at org.jetbrains.kotlin.incremental.IncrementalJvmCompilerRunner.runCompiler(IncrementalJvmCompilerRunner.kt:62)
	at org.jetbrains.kotlin.incremental.IncrementalCompilerRunner.doCompile(IncrementalCompilerRunner.kt:506)
	at org.jetbrains.kotlin.incremental.IncrementalCompilerRunner.compileImpl(IncrementalCompilerRunner.kt:423)
	at org.jetbrains.kotlin.incremental.IncrementalCompilerRunner.compileNonIncrementally(IncrementalCompilerRunner.kt:301)
	at org.jetbrains.kotlin.incremental.IncrementalCompilerRunner.compile(IncrementalCompilerRunner.kt:129)
	at org.jetbrains.kotlin.daemon.CompileServiceImplBase.execIncrementalCompiler(CompileServiceImpl.kt:676)
	at org.jetbrains.kotlin.daemon.CompileServiceImplBase.access$execIncrementalCompiler(CompileServiceImpl.kt:92)
	at org.jetbrains.kotlin.daemon.CompileServiceImpl.compile(CompileServiceImpl.kt:1661)
	at java.base/jdk.internal.reflect.DirectMethodHandleAccessor.invoke(Unknown Source)
	at java.base/java.lang.reflect.Method.invoke(Unknown Source)
	at java.rmi/sun.rmi.server.UnicastServerRef.dispatch(Unknown Source)
	at java.rmi/sun.rmi.transport.Transport$1.run(Unknown Source)
	at java.rmi/sun.rmi.transport.Transport$1.run(Unknown Source)
	at java.base/java.security.AccessController.doPrivileged(Unknown Source)
	at java.rmi/sun.rmi.transport.Transport.serviceCall(Unknown Source)
	at java.rmi/sun.rmi.transport.tcp.TCPTransport.handleMessages(Unknown Source)
	at java.rmi/sun.rmi.transport.tcp.TCPTransport$ConnectionHandler.run0(Unknown Source)
	at java.rmi/sun.rmi.transport.tcp.TCPTransport$ConnectionHandler.lambda$run$0(Unknown Source)
	at java.base/java.security.AccessController.doPrivileged(Unknown Source)
	at java.rmi/sun.rmi.transport.tcp.TCPTransport$ConnectionHandler.run(Unknown Source)
	at java.base/java.util.concurrent.ThreadPoolExecutor.runWorker(Unknown Source)
	at java.base/java.util.concurrent.ThreadPoolExecutor$Worker.run(Unknown Source)
	at java.base/java.lang.Thread.run(Unknown Source)
Caused by: java.lang.RuntimeException: Exception while generating code for:
FUN name:ComposableAnimation visibility:public modality:FINAL <> (modifier:androidx.compose.ui.Modifier, dotSize:kotlin.Float, spacing:kotlin.Float, effect:com.example.vanishcomposable.Animation.AnimationEffect, onControllerReady:kotlin.Function1<com.example.vanishcomposable.controller.AnimationController, kotlin.Unit>, content:@[Composable] kotlin.Function0<kotlin.Unit>) returnType:kotlin.Unit
  annotations:
    Composable
  VALUE_PARAMETER name:modifier index:0 type:androidx.compose.ui.Modifier
    EXPRESSION_BODY
      ERROR_EXPR 'Default Stub' type=androidx.compose.ui.Modifier
  VALUE_PARAMETER name:dotSize index:1 type:kotlin.Float
    EXPRESSION_BODY
      ERROR_EXPR 'Default Stub' type=kotlin.Float
  VALUE_PARAMETER name:spacing index:2 type:kotlin.Float
    EXPRESSION_BODY
      ERROR_EXPR 'Default Stub' type=kotlin.Float
  VALUE_PARAMETER name:effect index:3 type:com.example.vanishcomposable.Animation.AnimationEffect
    EXPRESSION_BODY
      ERROR_EXPR 'Default Stub' type=com.example.vanishcomposable.Animation.AnimationEffect
  VALUE_PARAMETER name:onControllerReady index:4 type:kotlin.Function1<com.example.vanishcomposable.controller.AnimationController, kotlin.Unit>
    EXPRESSION_BODY
      ERROR_EXPR 'Default Stub' type=kotlin.Function1<com.example.vanishcomposable.controller.AnimationController, kotlin.Unit>
  VALUE_PARAMETER name:content index:5 type:@[Composable] kotlin.Function0<kotlin.Unit>
  BLOCK_BODY
    VAR name:stateHolder type:com.example.vanishcomposable.controller.AnimationStateHolder [val]
      CALL 'public final fun remember <T> (calculation: @[DisallowComposableCalls] kotlin.Function0<T of androidx.compose.runtime.ComposablesKt.remember>): T of androidx.compose.runtime.ComposablesKt.remember [inline] declared in androidx.compose.runtime.ComposablesKt' type=com.example.vanishcomposable.controller.AnimationStateHolder origin=null
        <T>: com.example.vanishcomposable.controller.AnimationStateHolder
        calculation: BLOCK type=kotlin.Function0<com.example.vanishcomposable.controller.AnimationStateHolder> origin=LAMBDA
          COMPOSITE type=kotlin.Unit origin=null
          FUNCTION_REFERENCE 'private final fun ComposableAnimation$lambda$1 (): com.example.vanishcomposable.controller.AnimationStateHolder declared in <root>.FullComposableKt' type=kotlin.Function0<com.example.vanishcomposable.controller.AnimationStateHolder> origin=INLINE_LAMBDA reflectionTarget=null
    VAR PROPERTY_DELEGATE name:bitmap$delegate type:androidx.compose.runtime.MutableState<androidx.compose.ui.graphics.ImageBitmap?> [val]
      CALL 'public final fun remember <T> (calculation: @[DisallowComposableCalls] kotlin.Function0<T of androidx.compose.runtime.ComposablesKt.remember>): T of androidx.compose.runtime.ComposablesKt.remember [inline] declared in androidx.compose.runtime.ComposablesKt' type=androidx.compose.runtime.MutableState<androidx.compose.ui.graphics.ImageBitmap?> origin=null
        <T>: androidx.compose.runtime.MutableState<androidx.compose.ui.graphics.ImageBitmap?>
        calculation: BLOCK type=kotlin.Function0<androidx.compose.runtime.MutableState<androidx.compose.ui.graphics.ImageBitmap?>> origin=LAMBDA
          COMPOSITE type=kotlin.Unit origin=null
          FUNCTION_REFERENCE 'private final fun ComposableAnimation$lambda$2 (): androidx.compose.runtime.MutableState<androidx.compose.ui.graphics.ImageBitmap?> declared in <root>.FullComposableKt' type=kotlin.Function0<androidx.compose.runtime.MutableState<androidx.compose.ui.graphics.ImageBitmap?>> origin=INLINE_LAMBDA reflectionTarget=null
    VAR PROPERTY_DELEGATE name:composeView$delegate type:androidx.compose.runtime.MutableState<androidx.compose.ui.platform.ComposeView?> [val]
      CALL 'public final fun remember <T> (calculation: @[DisallowComposableCalls] kotlin.Function0<T of androidx.compose.runtime.ComposablesKt.remember>): T of androidx.compose.runtime.ComposablesKt.remember [inline] declared in androidx.compose.runtime.ComposablesKt' type=androidx.compose.runtime.MutableState<androidx.compose.ui.platform.ComposeView?> origin=null
        <T>: androidx.compose.runtime.MutableState<androidx.compose.ui.platform.ComposeView?>
        calculation: BLOCK type=kotlin.Function0<androidx.compose.runtime.MutableState<androidx.compose.ui.platform.ComposeView?>> origin=LAMBDA
          COMPOSITE type=kotlin.Unit origin=null
          FUNCTION_REFERENCE 'private final fun ComposableAnimation$lambda$5 (): androidx.compose.runtime.MutableState<androidx.compose.ui.platform.ComposeView?> declared in <root>.FullComposableKt' type=kotlin.Function0<androidx.compose.runtime.MutableState<androidx.compose.ui.platform.ComposeView?>> origin=INLINE_LAMBDA reflectionTarget=null
    VAR PROPERTY_DELEGATE name:onAnimationFinish$delegate type:androidx.compose.runtime.MutableState<kotlin.Function0<kotlin.Unit>> [val]
      CALL 'public final fun remember <T> (calculation: @[DisallowComposableCalls] kotlin.Function0<T of androidx.compose.runtime.ComposablesKt.remember>): T of androidx.compose.runtime.ComposablesKt.remember [inline] declared in androidx.compose.runtime.ComposablesKt' type=androidx.compose.runtime.MutableState<kotlin.Function0<kotlin.Unit>> origin=null
        <T>: androidx.compose.runtime.MutableState<kotlin.Function0<kotlin.Unit>>
        calculation: BLOCK type=kotlin.Function0<androidx.compose.runtime.MutableState<kotlin.Function0<kotlin.Unit>>> origin=LAMBDA
          COMPOSITE type=kotlin.Unit origin=null
          FUNCTION_REFERENCE 'private final fun ComposableAnimation$lambda$8 (): androidx.compose.runtime.MutableState<kotlin.Function0<kotlin.Unit>> declared in <root>.FullComposableKt' type=kotlin.Function0<androidx.compose.runtime.MutableState<kotlin.Function0<kotlin.Unit>>> origin=INLINE_LAMBDA reflectionTarget=null
    VAR name:density type:kotlin.Float [val]
      CALL 'public abstract fun <get-density> (): kotlin.Float declared in androidx.compose.ui.unit.Density' type=kotlin.Float origin=GET_PROPERTY
        $this: CALL 'public final fun <get-current> (): T of androidx.compose.runtime.CompositionLocal [inline] declared in androidx.compose.runtime.CompositionLocal' type=androidx.compose.ui.unit.Density origin=GET_PROPERTY
          $this: TYPE_OP type=androidx.compose.runtime.CompositionLocal<T of androidx.compose.runtime.CompositionLocal> origin=IMPLICIT_CAST typeOperand=androidx.compose.runtime.CompositionLocal<T of androidx.compose.runtime.CompositionLocal>
            CALL 'public final fun <get-LocalDensity> (): androidx.compose.runtime.ProvidableCompositionLocal<androidx.compose.ui.unit.Density> declared in androidx.compose.ui.platform.CompositionLocalsKt' type=androidx.compose.runtime.ProvidableCompositionLocal<androidx.compose.ui.unit.Density> origin=GET_PROPERTY
    VAR name:randomValues type:kotlin.collections.List<kotlin.Float> [val]
      CALL 'public final fun remember <T> (calculation: @[DisallowComposableCalls] kotlin.Function0<T of androidx.compose.runtime.ComposablesKt.remember>): T of androidx.compose.runtime.ComposablesKt.remember [inline] declared in androidx.compose.runtime.ComposablesKt' type=kotlin.collections.List<kotlin.Float> origin=null
        <T>: kotlin.collections.List<kotlin.Float>
        calculation: BLOCK type=kotlin.Function0<kotlin.collections.List<kotlin.Float>> origin=LAMBDA
          COMPOSITE type=kotlin.Unit origin=null
          FUNCTION_REFERENCE 'private final fun ComposableAnimation$lambda$12 (): kotlin.collections.List<kotlin.Float> declared in <root>.FullComposableKt' type=kotlin.Function0<kotlin.collections.List<kotlin.Float>> origin=INLINE_LAMBDA reflectionTarget=null
    VAR name:controller type:<root>.FullComposableKt.ComposableAnimation$lambda$13.<no name provided> [val]
      CALL 'public final fun remember <T> (calculation: @[DisallowComposableCalls] kotlin.Function0<T of androidx.compose.runtime.ComposablesKt.remember>): T of androidx.compose.runtime.ComposablesKt.remember [inline] declared in androidx.compose.runtime.ComposablesKt' type=<root>.FullComposableKt.ComposableAnimation$lambda$13.<no name provided> origin=null
        <T>: <root>.FullComposableKt.ComposableAnimation$lambda$13.<no name provided>
        calculation: BLOCK type=kotlin.Function0<<root>.FullComposableKt.ComposableAnimation$lambda$13.<no name provided>> origin=LAMBDA
          COMPOSITE type=kotlin.Unit origin=null
          FUNCTION_REFERENCE 'private final fun ComposableAnimation$lambda$13 ($stateHolder: com.example.vanishcomposable.controller.AnimationStateHolder, $onAnimationFinish$delegate: androidx.compose.runtime.MutableState<kotlin.Function0<kotlin.Unit>>, $bitmap$delegate: androidx.compose.runtime.MutableState<androidx.compose.ui.graphics.ImageBitmap?>): <root>.FullComposableKt.ComposableAnimation$lambda$13.<no name provided> declared in <root>.FullComposableKt' type=kotlin.Function0<<root>.FullComposableKt.ComposableAnimation$lambda$13.<no name provided>> origin=INLINE_LAMBDA reflectionTarget=null
            $stateHolder: GET_VAR 'val stateHolder: com.example.vanishcomposable.controller.AnimationStateHolder [val] declared in <root>.FullComposableKt.ComposableAnimation' type=com.example.vanishcomposable.controller.AnimationStateHolder origin=null
            $onAnimationFinish$delegate: GET_VAR 'val onAnimationFinish$delegate: androidx.compose.runtime.MutableState<kotlin.Function0<kotlin.Unit>> [val] declared in <root>.FullComposableKt.ComposableAnimation' type=androidx.compose.runtime.MutableState<kotlin.Function0<kotlin.Unit>> origin=null
            $bitmap$delegate: GET_VAR 'val bitmap$delegate: androidx.compose.runtime.MutableState<androidx.compose.ui.graphics.ImageBitmap?> [val] declared in <root>.FullComposableKt.ComposableAnimation' type=androidx.compose.runtime.MutableState<androidx.compose.ui.graphics.ImageBitmap?> origin=null
    CALL 'public final fun LaunchedEffect (key1: kotlin.Any?, block: @[ExtensionFunctionType] kotlin.coroutines.SuspendFunction1<kotlinx.coroutines.CoroutineScope, kotlin.Unit>): kotlin.Unit declared in androidx.compose.runtime.EffectsKt' type=kotlin.Unit origin=null
      key1: GET_VAR 'val controller: <root>.FullComposableKt.ComposableAnimation$lambda$13.<no name provided> [val] declared in <root>.FullComposableKt.ComposableAnimation' type=<root>.FullComposableKt.ComposableAnimation$lambda$13.<no name provided> origin=null
      block: BLOCK type=<root>.FullComposableKt.ComposableAnimation.<no name provided> origin=null
        CLASS SUSPEND_LAMBDA CLASS name:<no name provided> modality:FINAL visibility:public/*package*/ superTypes:[kotlin.coroutines.jvm.internal.SuspendLambda; kotlin.jvm.functions.Function2<kotlinx.coroutines.CoroutineScope, kotlin.coroutines.Continuation<kotlin.Unit>?, kotlin.Any?>]
          $this: VALUE_PARAMETER INSTANCE_RECEIVER name:<this> type:<root>.FullComposableKt.ComposableAnimation.<no name provided>
          FIELD name:label type:kotlin.Int visibility:public/*package*/
          CONSTRUCTOR SUSPEND_LAMBDA visibility:public/*package*/ <> ($onControllerReady:kotlin.Function1<com.example.vanishcomposable.controller.AnimationController, kotlin.Unit>, $controller:<root>.FullComposableKt.ComposableAnimation$lambda$13.<no name provided>, $completion:kotlin.coroutines.Continuation<<root>.FullComposableKt.ComposableAnimation.<no name provided>>?) returnType:<root>.FullComposableKt.ComposableAnimation.<no name provided> [primary]
            VALUE_PARAMETER BOUND_VALUE_PARAMETER name:$onControllerReady index:0 type:kotlin.Function1<com.example.vanishcomposable.controller.AnimationController, kotlin.Unit>
            VALUE_PARAMETER BOUND_VALUE_PARAMETER name:$controller index:1 type:<root>.FullComposableKt.ComposableAnimation$lambda$13.<no name provided>
            VALUE_PARAMETER name:$completion index:2 type:kotlin.coroutines.Continuation<<root>.FullComposableKt.ComposableAnimation.<no name provided>>?
            BLOCK_BODY
              SET_FIELD 'FIELD FIELD_FOR_CAPTURED_VALUE name:$onControllerReady type:kotlin.Function1<com.example.vanishcomposable.controller.AnimationController, kotlin.Unit> visibility:public/*package*/ [final]' type=kotlin.Unit origin=INITIALIZER_OF_FIELD_FOR_CAPTURED_VALUE
                receiver: GET_VAR '<this>: <root>.FullComposableKt.ComposableAnimation.<no name provided> declared in <root>.FullComposableKt.ComposableAnimation.<no name provided>' type=<root>.FullComposableKt.ComposableAnimation.<no name provided> origin=null
                value: GET_VAR '$onControllerReady: kotlin.Function1<com.example.vanishcomposable.controller.AnimationController, kotlin.Unit> declared in <root>.FullComposableKt.ComposableAnimation.<no name provided>.<init>' type=kotlin.Function1<com.example.vanishcomposable.controller.AnimationController, kotlin.Unit> origin=null
              SET_FIELD 'FIELD FIELD_FOR_CAPTURED_VALUE name:$controller type:<root>.FullComposableKt.ComposableAnimation$lambda$13.<no name provided> visibility:public/*package*/ [final]' type=kotlin.Unit origin=INITIALIZER_OF_FIELD_FOR_CAPTURED_VALUE
                receiver: GET_VAR '<this>: <root>.FullComposableKt.ComposableAnimation.<no name provided> declared in <root>.FullComposableKt.ComposableAnimation.<no name provided>' type=<root>.FullComposableKt.ComposableAnimation.<no name provided> origin=null
                value: GET_VAR '$controller: <root>.FullComposableKt.ComposableAnimation$lambda$13.<no name provided> declared in <root>.FullComposableKt.ComposableAnimation.<no name provided>.<init>' type=<root>.FullComposableKt.ComposableAnimation$lambda$13.<no name provided> origin=null
              DELEGATING_CONSTRUCTOR_CALL 'public constructor <init> (arity: kotlin.Int, $completion: kotlin.coroutines.Continuation<kotlin.Any?>?) declared in kotlin.coroutines.jvm.internal.SuspendLambda'
                arity: CONST Int type=kotlin.Int value=2
                $completion: GET_VAR '$completion: kotlin.coroutines.Continuation<<root>.FullComposableKt.ComposableAnimation.<no name provided>>? declared in <root>.FullComposableKt.ComposableAnimation.<no name provided>.<init>' type=kotlin.coroutines.Continuation<<root>.FullComposableKt.ComposableAnimation.<no name provided>>? origin=null
              BLOCK type=kotlin.Unit origin=null
          FUN name:invokeSuspend visibility:public modality:FINAL <> ($this:<root>.FullComposableKt.ComposableAnimation.<no name provided>, $result:kotlin.Result<kotlin.Any?>) returnType:kotlin.Any?
            overridden:
              protected abstract fun invokeSuspend ($result: kotlin.Result<kotlin.Any?>): kotlin.Any? declared in kotlin.coroutines.jvm.internal.SuspendLambda
            $this: VALUE_PARAMETER INSTANCE_RECEIVER name:<this> type:<root>.FullComposableKt.ComposableAnimation.<no name provided>
            VALUE_PARAMETER name:$result index:0 type:kotlin.Result<kotlin.Any?>
            BLOCK_BODY
              CALL 'public abstract fun invoke (p1: P1 of kotlin.Function1): R of kotlin.Function1 [operator] declared in kotlin.Function1' type=kotlin.Unit origin=INVOKE
                $this: GET_FIELD 'FIELD FIELD_FOR_CAPTURED_VALUE name:$onControllerReady type:kotlin.Function1<com.example.vanishcomposable.controller.AnimationController, kotlin.Unit> visibility:public/*package*/ [final]' type=kotlin.Function1<com.example.vanishcomposable.controller.AnimationController, kotlin.Unit> origin=null
                  receiver: GET_VAR '<this>: <root>.FullComposableKt.ComposableAnimation.<no name provided> declared in <root>.FullComposableKt.ComposableAnimation.<no name provided>.invokeSuspend' type=<root>.FullComposableKt.ComposableAnimation.<no name provided> origin=null
                p1: GET_FIELD 'FIELD FIELD_FOR_CAPTURED_VALUE name:$controller type:<root>.FullComposableKt.ComposableAnimation$lambda$13.<no name provided> visibility:public/*package*/ [final]' type=<root>.FullComposableKt.ComposableAnimation$lambda$13.<no name provided> origin=null
                  receiver: GET_VAR '<this>: <root>.FullComposableKt.ComposableAnimation.<no name provided> declared in <root>.FullComposableKt.ComposableAnimation.<no name provided>.invokeSuspend' type=<root>.FullComposableKt.ComposableAnimation.<no name provided> origin=null
          FUN name:create visibility:public modality:FINAL <> ($this:<root>.FullComposableKt.ComposableAnimation.<no name provided>, value:kotlin.Any?, $completion:kotlin.coroutines.Continuation<kotlin.Nothing>) returnType:kotlin.coroutines.Continuation<kotlin.Unit>
            overridden:
              public open fun create (value: kotlin.Any?, $completion: kotlin.coroutines.Continuation<kotlin.Nothing>): kotlin.coroutines.Continuation<kotlin.Unit> declared in kotlin.coroutines.jvm.internal.SuspendLambda
            $this: VALUE_PARAMETER INSTANCE_RECEIVER name:<this> type:<root>.FullComposableKt.ComposableAnimation.<no name provided>
            VALUE_PARAMETER name:value index:0 type:kotlin.Any?
            VALUE_PARAMETER name:$completion index:1 type:kotlin.coroutines.Continuation<kotlin.Nothing>
            BLOCK_BODY
              RETURN type=kotlin.Nothing from='public final fun create (value: kotlin.Any?, $completion: kotlin.coroutines.Continuation<kotlin.Nothing>): kotlin.coroutines.Continuation<kotlin.Unit> declared in <root>.FullComposableKt.ComposableAnimation.<no name provided>'
                CONSTRUCTOR_CALL 'public/*package*/ constructor <init> ($onControllerReady: kotlin.Function1<com.example.vanishcomposable.controller.AnimationController, kotlin.Unit>, $controller: <root>.FullComposableKt.ComposableAnimation$lambda$13.<no name provided>, $completion: kotlin.coroutines.Continuation<<root>.FullComposableKt.ComposableAnimation.<no name provided>>?) [primary] declared in <root>.FullComposableKt.ComposableAnimation.<no name provided>' type=<root>.FullComposableKt.ComposableAnimation.<no name provided> origin=null
                  $onControllerReady: GET_FIELD 'FIELD FIELD_FOR_CAPTURED_VALUE name:$onControllerReady type:kotlin.Function1<com.example.vanishcomposable.controller.AnimationController, kotlin.Unit> visibility:public/*package*/ [final]' type=kotlin.Function1<com.example.vanishcomposable.controller.AnimationController, kotlin.Unit> origin=null
                    receiver: GET_VAR '<this>: <root>.FullComposableKt.ComposableAnimation.<no name provided> declared in <root>.FullComposableKt.ComposableAnimation.<no name provided>.create' type=<root>.FullComposableKt.ComposableAnimation.<no name provided> origin=null
                  $controller: GET_FIELD 'FIELD FIELD_FOR_CAPTURED_VALUE name:$controller type:<root>.FullComposableKt.ComposableAnimation$lambda$13.<no name provided> visibility:public/*package*/ [final]' type=<root>.FullComposableKt.ComposableAnimation$lambda$13.<no name provided> origin=null
                    receiver: GET_VAR '<this>: <root>.FullComposableKt.ComposableAnimation.<no name provided> declared in <root>.FullComposableKt.ComposableAnimation.<no name provided>.create' type=<root>.FullComposableKt.ComposableAnimation.<no name provided> origin=null
                  $completion: GET_VAR '$completion: kotlin.coroutines.Continuation<kotlin.Nothing> declared in <root>.FullComposableKt.ComposableAnimation.<no name provided>.create' type=kotlin.coroutines.Continuation<kotlin.Nothing> origin=null
          FUN name:invoke visibility:public modality:FINAL <> ($this:<root>.FullComposableKt.ComposableAnimation.<no name provided>, p1:kotlinx.coroutines.CoroutineScope, p2:kotlin.coroutines.Continuation<kotlin.Unit>?) returnType:kotlin.Any?
            overridden:
              public abstract fun invoke (p1: P1 of kotlin.jvm.functions.Function2, p2: P2 of kotlin.jvm.functions.Function2): R of kotlin.jvm.functions.Function2 declared in kotlin.jvm.functions.Function2
            $this: VALUE_PARAMETER INSTANCE_RECEIVER name:<this> type:<root>.FullComposableKt.ComposableAnimation.<no name provided>
            VALUE_PARAMETER name:p1 index:0 type:kotlinx.coroutines.CoroutineScope
            VALUE_PARAMETER name:p2 index:1 type:kotlin.coroutines.Continuation<kotlin.Unit>?
            BLOCK_BODY
              RETURN type=kotlin.Nothing from='public final fun invoke (p1: kotlinx.coroutines.CoroutineScope, p2: kotlin.coroutines.Continuation<kotlin.Unit>?): kotlin.Any? declared in <root>.FullComposableKt.ComposableAnimation.<no name provided>'
                CALL 'public final fun invokeSuspend ($result: kotlin.Result<kotlin.Any?>): kotlin.Any? declared in <root>.FullComposableKt.ComposableAnimation.<no name provided>' type=kotlin.Any? origin=null
                  $this: TYPE_OP type=<root>.FullComposableKt.ComposableAnimation.<no name provided> origin=IMPLICIT_CAST typeOperand=<root>.FullComposableKt.ComposableAnimation.<no name provided>
                    CALL 'public final fun create (value: kotlin.Any?, $completion: kotlin.coroutines.Continuation<kotlin.Nothing>): kotlin.coroutines.Continuation<kotlin.Unit> declared in <root>.FullComposableKt.ComposableAnimation.<no name provided>' type=kotlin.coroutines.Continuation<kotlin.Unit> origin=null
                      $this: GET_VAR '<this>: <root>.FullComposableKt.ComposableAnimation.<no name provided> declared in <root>.FullComposableKt.ComposableAnimation.<no name provided>.invoke' type=<root>.FullComposableKt.ComposableAnimation.<no name provided> origin=null
                      value: GET_VAR 'p1: kotlinx.coroutines.CoroutineScope declared in <root>.FullComposableKt.ComposableAnimation.<no name provided>.invoke' type=kotlinx.coroutines.CoroutineScope origin=null
                      $completion: GET_VAR 'p2: kotlin.coroutines.Continuation<kotlin.Unit>? declared in <root>.FullComposableKt.ComposableAnimation.<no name provided>.invoke' type=kotlin.coroutines.Continuation<kotlin.Unit>? origin=null
                  $result: CALL 'public final fun <unsafe-coerce> <T, R> (v: T of kotlin.jvm.internal.<unsafe-coerce>): R of kotlin.jvm.internal.<unsafe-coerce> declared in kotlin.jvm.internal' type=kotlin.Result<kotlin.Any?> origin=null
                    <T>: kotlin.Any?
                    <R>: kotlin.Result<kotlin.Any?>
                    v: GET_FIELD 'FIELD FIELD_FOR_OBJECT_INSTANCE name:INSTANCE type:kotlin.Unit visibility:public [final,static]' type=kotlin.Unit origin=null
          FIELD FIELD_FOR_CAPTURED_VALUE name:$onControllerReady type:kotlin.Function1<com.example.vanishcomposable.controller.AnimationController, kotlin.Unit> visibility:public/*package*/ [final]
          FIELD FIELD_FOR_CAPTURED_VALUE name:$controller type:<root>.FullComposableKt.ComposableAnimation$lambda$13.<no name provided> visibility:public/*package*/ [final]
          FUN BRIDGE name:invoke visibility:public modality:OPEN <> ($this:<root>.FullComposableKt.ComposableAnimation.<no name provided>, p1:kotlin.Any?, p2:kotlin.Any?) returnType:kotlin.Any?
            $this: VALUE_PARAMETER INSTANCE_RECEIVER name:<this> type:<root>.FullComposableKt.ComposableAnimation.<no name provided>
            VALUE_PARAMETER BRIDGE name:p1 index:0 type:kotlin.Any?
            VALUE_PARAMETER BRIDGE name:p2 index:1 type:kotlin.Any?
            EXPRESSION_BODY
              RETURN type=kotlin.Nothing from='public open fun invoke (p1: kotlin.Any?, p2: kotlin.Any?): kotlin.Any? declared in <root>.FullComposableKt.ComposableAnimation.<no name provided>'
                CALL 'public final fun invoke (p1: kotlinx.coroutines.CoroutineScope, p2: kotlin.coroutines.Continuation<kotlin.Unit>?): kotlin.Any? declared in <root>.FullComposableKt.ComposableAnimation.<no name provided>' type=kotlin.Any? origin=BRIDGE_DELEGATION
                  $this: GET_VAR '<this>: <root>.FullComposableKt.ComposableAnimation.<no name provided> declared in <root>.FullComposableKt.ComposableAnimation.<no name provided>.invoke' type=<root>.FullComposableKt.ComposableAnimation.<no name provided> origin=null
                  p1: TYPE_OP type=kotlinx.coroutines.CoroutineScope origin=IMPLICIT_CAST typeOperand=kotlinx.coroutines.CoroutineScope
                    GET_VAR 'p1: kotlin.Any? declared in <root>.FullComposableKt.ComposableAnimation.<no name provided>.invoke' type=kotlin.Any? origin=null
                  p2: TYPE_OP type=kotlin.coroutines.Continuation<*> origin=IMPLICIT_CAST typeOperand=kotlin.coroutines.Continuation<*>
                    GET_VAR 'p2: kotlin.Any? declared in <root>.FullComposableKt.ComposableAnimation.<no name provided>.invoke' type=kotlin.Any? origin=null
        CONSTRUCTOR_CALL 'public/*package*/ constructor <init> ($onControllerReady: kotlin.Function1<com.example.vanishcomposable.controller.AnimationController, kotlin.Unit>, $controller: <root>.FullComposableKt.ComposableAnimation$lambda$13.<no name provided>, $completion: kotlin.coroutines.Continuation<<root>.FullComposableKt.ComposableAnimation.<no name provided>>?) [primary] declared in <root>.FullComposableKt.ComposableAnimation.<no name provided>' type=<root>.FullComposableKt.ComposableAnimation.<no name provided> origin=null
          $onControllerReady: GET_VAR 'onControllerReady: kotlin.Function1<com.example.vanishcomposable.controller.AnimationController, kotlin.Unit> declared in <root>.FullComposableKt.ComposableAnimation' type=kotlin.Function1<com.example.vanishcomposable.controller.AnimationController, kotlin.Unit> origin=null
          $controller: GET_VAR 'val controller: <root>.FullComposableKt.ComposableAnimation$lambda$13.<no name provided> [val] declared in <root>.FullComposableKt.ComposableAnimation' type=<root>.FullComposableKt.ComposableAnimation$lambda$13.<no name provided> origin=null
          $completion: CONST Null type=kotlin.Nothing? value=null
    VAR name:animationProgress type:androidx.compose.runtime.State<kotlin.Float> [val]
      BLOCK type=androidx.compose.runtime.State<kotlin.Float> origin=ARGUMENTS_REORDERING_FOR_CALL
        VAR IR_TEMPORARY_VARIABLE name:tmp1_targetValue type:kotlin.Float [val]
          WHEN type=kotlin.Float origin=IF
            BRANCH
              if: CALL 'public final fun <get-isAnimating> (): kotlin.Boolean declared in com.example.vanishcomposable.controller.AnimationStateHolder' type=kotlin.Boolean origin=GET_PROPERTY
                $this: GET_VAR 'val stateHolder: com.example.vanishcomposable.controller.AnimationStateHolder [val] declared in <root>.FullComposableKt.ComposableAnimation' type=com.example.vanishcomposable.controller.AnimationStateHolder origin=null
              then: CONST Float type=kotlin.Float value=1.0
            BRANCH
              if: CONST Boolean type=kotlin.Boolean value=true
              then: CONST Float type=kotlin.Float value=0.0
        VAR IR_TEMPORARY_VARIABLE name:tmp2_animationSpec type:androidx.compose.animation.core.TweenSpec<kotlin.Float> [val]
          TYPE_OP type=androidx.compose.animation.core.TweenSpec<kotlin.Float> origin=IMPLICIT_CAST typeOperand=androidx.compose.animation.core.TweenSpec<kotlin.Float>
            CALL 'public final fun tween$default <T> (durationMillis: kotlin.Int, delayMillis: kotlin.Int, easing: androidx.compose.animation.core.Easing?, $mask0: kotlin.Int, $handler: kotlin.Any?): androidx.compose.animation.core.TweenSpec<T of androidx.compose.animation.core.AnimationSpecKt.tween$default> declared in androidx.compose.animation.core.AnimationSpecKt' type=androidx.compose.animation.core.TweenSpec<T of androidx.compose.animation.core.AnimationSpecKt.tween$default> origin=DEFAULT_DISPATCH_CALL
              <T>: kotlin.Float
              durationMillis: BLOCK type=kotlin.Int origin=WHEN
                VAR IR_TEMPORARY_VARIABLE name:tmp0_subject type:com.example.vanishcomposable.Animation.AnimationEffect [val]
                  GET_VAR 'effect: com.example.vanishcomposable.Animation.AnimationEffect declared in <root>.FullComposableKt.ComposableAnimation' type=com.example.vanishcomposable.Animation.AnimationEffect origin=null
                VAR IR_TEMPORARY_VARIABLE name:tmp0 type:kotlin.Int [val]
                  CALL 'public final fun get (index: kotlin.Int): kotlin.Int [operator] declared in kotlin.IntArray' type=kotlin.Int origin=null
                    $this: GET_FIELD 'FIELD ENUM_MAPPINGS_FOR_WHEN name:$EnumSwitchMapping$0 type:kotlin.IntArray visibility:public [final,static]' type=kotlin.IntArray origin=null
                    index: CALL 'public final fun <get-ordinal> (): kotlin.Int [fake_override] declared in com.example.vanishcomposable.Animation.AnimationEffect' type=kotlin.Int origin=null
                      $this: GET_VAR 'val tmp0_subject: com.example.vanishcomposable.Animation.AnimationEffect [val] declared in <root>.FullComposableKt.ComposableAnimation' type=com.example.vanishcomposable.Animation.AnimationEffect origin=null
                WHEN type=kotlin.Int origin=WHEN
                  BRANCH
                    if: CALL 'public final fun EQEQ (arg0: kotlin.Any?, arg1: kotlin.Any?): kotlin.Boolean declared in kotlin.internal.ir' type=kotlin.Boolean origin=null
                      arg0: GET_VAR 'val tmp0: kotlin.Int [val] declared in <root>.FullComposableKt.ComposableAnimation' type=kotlin.Int origin=null
                      arg1: CONST Int type=kotlin.Int value=1
                    then: CONST Int type=kotlin.Int value=1500
                  BRANCH
                    if: CALL 'public final fun EQEQ (arg0: kotlin.Any?, arg1: kotlin.Any?): kotlin.Boolean declared in kotlin.internal.ir' type=kotlin.Boolean origin=null
                      arg0: GET_VAR 'val tmp0: kotlin.Int [val] declared in <root>.FullComposableKt.ComposableAnimation' type=kotlin.Int origin=null
                      arg1: CONST Int type=kotlin.Int value=2
                    then: CONST Int type=kotlin.Int value=1800
                  BRANCH
                    if: CONST Boolean type=kotlin.Boolean value=true
                    then: CONST Int type=kotlin.Int value=1200
              delayMillis: COMPOSITE type=kotlin.Int origin=DEFAULT_VALUE
                CONST Int type=kotlin.Int value=0
              easing: CALL 'public final fun <get-FastOutSlowInEasing> (): androidx.compose.animation.core.Easing declared in androidx.compose.animation.core.EasingKt' type=androidx.compose.animation.core.Easing origin=GET_PROPERTY
              $mask0: CONST Int type=kotlin.Int value=2
              $handler: CONST Null type=kotlin.Any? value=null
        CALL 'public final fun animateFloatAsState$default (targetValue: kotlin.Float, animationSpec: androidx.compose.animation.core.AnimationSpec<kotlin.Float>?, visibilityThreshold: kotlin.Float, label: kotlin.String?, finishedListener: kotlin.Function1<kotlin.Float, kotlin.Unit>?, $mask0: kotlin.Int, $handler: kotlin.Any?): androidx.compose.runtime.State<kotlin.Float> declared in androidx.compose.animation.core.AnimateAsStateKt' type=androidx.compose.runtime.State<kotlin.Float> origin=DEFAULT_DISPATCH_CALL
          targetValue: GET_VAR 'val tmp1_targetValue: kotlin.Float [val] declared in <root>.FullComposableKt.ComposableAnimation' type=kotlin.Float origin=null
          animationSpec: GET_VAR 'val tmp2_animationSpec: androidx.compose.animation.core.TweenSpec<kotlin.Float> [val] declared in <root>.FullComposableKt.ComposableAnimation' type=androidx.compose.animation.core.TweenSpec<kotlin.Float> origin=null
          visibilityThreshold: COMPOSITE type=kotlin.Float origin=DEFAULT_VALUE
            CONST Float type=kotlin.Float value=0.0
          label: CONST String type=kotlin.String value=""
          finishedListener: BLOCK type=kotlin.Function1<kotlin.Float, kotlin.Unit> origin=LAMBDA
            COMPOSITE type=kotlin.Unit origin=null
            CALL 'public final fun <jvm-indy> <T> (dynamicCall: T of kotlin.jvm.internal.<jvm-indy>, bootstrapMethodHandle: kotlin.Any, vararg bootstrapMethodArguments: kotlin.Any): T of kotlin.jvm.internal.<jvm-indy> declared in kotlin.jvm.internal' type=kotlin.Function1<kotlin.Float, kotlin.Unit> origin=null
              <T>: kotlin.Function1<kotlin.Float, kotlin.Unit>
              dynamicCall: CALL 'public final fun invoke (p0: androidx.compose.runtime.MutableState<kotlin.Function0<kotlin.Unit>>): kotlin.Function1<kotlin.Float, kotlin.Unit> declared in kotlin.jvm.internal.invokeDynamic' type=kotlin.Function1<kotlin.Float, kotlin.Unit> origin=null
                p0: GET_VAR 'val onAnimationFinish$delegate: androidx.compose.runtime.MutableState<kotlin.Function0<kotlin.Unit>> [val] declared in <root>.FullComposableKt.ComposableAnimation' type=androidx.compose.runtime.MutableState<kotlin.Function0<kotlin.Unit>> origin=null
              bootstrapMethodHandle: CALL 'public final fun <jvm-method-handle> (tag: kotlin.Int, owner: kotlin.String, name: kotlin.String, descriptor: kotlin.String, isInterface: kotlin.Boolean): kotlin.Any declared in kotlin.jvm.internal' type=kotlin.Any origin=null
                tag: CONST Int type=kotlin.Int value=6
                owner: CONST String type=kotlin.String value="java/lang/invoke/LambdaMetafactory"
                name: CONST String type=kotlin.String value="metafactory"
                descriptor: CONST String type=kotlin.String value="(Ljava/lang/invoke/MethodHandles$Lookup;Ljava/lang/String;Ljava/lang/invoke/MethodType;Ljava/lang/invoke/MethodType;Ljava/lang/invoke/MethodHandle;Ljava/lang/invoke/MethodType;)Ljava/lang/invoke/CallSite;"
                isInterface: CONST Boolean type=kotlin.Boolean value=false
              bootstrapMethodArguments: VARARG type=kotlin.Array<kotlin.Any> varargElementType=kotlin.Any
                CALL 'public final fun <jvm-original-method-type> (method: kotlin.Any): kotlin.Any declared in kotlin.jvm.internal' type=kotlin.Any origin=null
                  method: RAW_FUNCTION_REFERENCE 'public abstract fun invoke (p1: P1 of kotlin.Function1): R of kotlin.Function1 [operator] declared in kotlin.Function1' type=kotlin.Any
                RAW_FUNCTION_REFERENCE 'private final fun ComposableAnimation$lambda$14 ($onAnimationFinish$delegate: androidx.compose.runtime.MutableState<kotlin.Function0<kotlin.Unit>>, it: kotlin.Float): kotlin.Unit? declared in <root>.FullComposableKt' type=kotlin.Any
                CALL 'public final fun <jvm-original-method-type> (method: kotlin.Any): kotlin.Any declared in kotlin.jvm.internal' type=kotlin.Any origin=null
                  method: RAW_FUNCTION_REFERENCE 'public abstract fun invoke (p1: kotlin.Float?): kotlin.Unit? [fake_override,operator] declared in kotlin.jvm.internal.invokeDynamic.<fake>' type=kotlin.Any
          $mask0: CONST Int type=kotlin.Int value=4
          $handler: CONST Null type=kotlin.Any? value=null
    CALL 'public final fun LaunchedEffect (key1: kotlin.Any?, block: @[ExtensionFunctionType] kotlin.coroutines.SuspendFunction1<kotlinx.coroutines.CoroutineScope, kotlin.Unit>): kotlin.Unit declared in androidx.compose.runtime.EffectsKt' type=kotlin.Unit origin=null
      key1: CALL 'private final fun ComposableAnimation$lambda$6 ($composeView$delegate: androidx.compose.runtime.MutableState<androidx.compose.ui.platform.ComposeView?>): androidx.compose.ui.platform.ComposeView? declared in <root>.FullComposableKt' type=androidx.compose.ui.platform.ComposeView? origin=GET_LOCAL_PROPERTY
        $composeView$delegate: GET_VAR 'val composeView$delegate: androidx.compose.runtime.MutableState<androidx.compose.ui.platform.ComposeView?> [val] declared in <root>.FullComposableKt.ComposableAnimation' type=androidx.compose.runtime.MutableState<androidx.compose.ui.platform.ComposeView?> origin=null
      block: BLOCK type=<root>.FullComposableKt.ComposableAnimation.<no name provided> origin=null
        CLASS SUSPEND_LAMBDA CLASS name:<no name provided> modality:FINAL visibility:public/*package*/ superTypes:[kotlin.coroutines.jvm.internal.SuspendLambda; kotlin.jvm.functions.Function2<kotlinx.coroutines.CoroutineScope, kotlin.coroutines.Continuation<kotlin.Unit>?, kotlin.Any?>]
          $this: VALUE_PARAMETER INSTANCE_RECEIVER name:<this> type:<root>.FullComposableKt.ComposableAnimation.<no name provided>
          FIELD name:label type:kotlin.Int visibility:public/*package*/
          CONSTRUCTOR SUSPEND_LAMBDA visibility:public/*package*/ <> ($composeView$delegate:androidx.compose.runtime.MutableState<androidx.compose.ui.platform.ComposeView?>, $bitmap$delegate:androidx.compose.runtime.MutableState<androidx.compose.ui.graphics.ImageBitmap?>, $completion:kotlin.coroutines.Continuation<<root>.FullComposableKt.ComposableAnimation.<no name provided>>?) returnType:<root>.FullComposableKt.ComposableAnimation.<no name provided> [primary]
            VALUE_PARAMETER BOUND_VALUE_PARAMETER name:$composeView$delegate index:0 type:androidx.compose.runtime.MutableState<androidx.compose.ui.platform.ComposeView?>
            VALUE_PARAMETER BOUND_VALUE_PARAMETER name:$bitmap$delegate index:1 type:androidx.compose.runtime.MutableState<androidx.compose.ui.graphics.ImageBitmap?>
            VALUE_PARAMETER name:$completion index:2 type:kotlin.coroutines.Continuation<<root>.FullComposableKt.ComposableAnimation.<no name provided>>?
            BLOCK_BODY
              SET_FIELD 'FIELD FIELD_FOR_CAPTURED_VALUE name:$composeView$delegate type:androidx.compose.runtime.MutableState<androidx.compose.ui.platform.ComposeView?> visibility:public/*package*/ [final]' type=kotlin.Unit origin=INITIALIZER_OF_FIELD_FOR_CAPTURED_VALUE
                receiver: GET_VAR '<this>: <root>.FullComposableKt.ComposableAnimation.<no name provided> declared in <root>.FullComposableKt.ComposableAnimation.<no name provided>' type=<root>.FullComposableKt.ComposableAnimation.<no name provided> origin=null
                value: GET_VAR '$composeView$delegate: androidx.compose.runtime.MutableState<androidx.compose.ui.platform.ComposeView?> declared in <root>.FullComposableKt.ComposableAnimation.<no name provided>.<init>' type=androidx.compose.runtime.MutableState<androidx.compose.ui.platform.ComposeView?> origin=null
              SET_FIELD 'FIELD FIELD_FOR_CAPTURED_VALUE name:$bitmap$delegate type:androidx.compose.runtime.MutableState<androidx.compose.ui.graphics.ImageBitmap?> visibility:public/*package*/ [final]' type=kotlin.Unit origin=INITIALIZER_OF_FIELD_FOR_CAPTURED_VALUE
                receiver: GET_VAR '<this>: <root>.FullComposableKt.ComposableAnimation.<no name provided> declared in <root>.FullComposableKt.ComposableAnimation.<no name provided>' type=<root>.FullComposableKt.ComposableAnimation.<no name provided> origin=null
                value: GET_VAR '$bitmap$delegate: androidx.compose.runtime.MutableState<androidx.compose.ui.graphics.ImageBitmap?> declared in <root>.FullComposableKt.ComposableAnimation.<no name provided>.<init>' type=androidx.compose.runtime.MutableState<androidx.compose.ui.graphics.ImageBitmap?> origin=null
              DELEGATING_CONSTRUCTOR_CALL 'public constructor <init> (arity: kotlin.Int, $completion: kotlin.coroutines.Continuation<kotlin.Any?>?) declared in kotlin.coroutines.jvm.internal.SuspendLambda'
                arity: CONST Int type=kotlin.Int value=2
                $completion: GET_VAR '$completion: kotlin.coroutines.Continuation<<root>.FullComposableKt.ComposableAnimation.<no name provided>>? declared in <root>.FullComposableKt.ComposableAnimation.<no name provided>.<init>' type=kotlin.coroutines.Continuation<<root>.FullComposableKt.ComposableAnimation.<no name provided>>? origin=null
              BLOCK type=kotlin.Unit origin=null
          FUN name:invokeSuspend visibility:public modality:FINAL <> ($this:<root>.FullComposableKt.ComposableAnimation.<no name provided>, $result:kotlin.Result<kotlin.Any?>) returnType:kotlin.Any?
            overridden:
              protected abstract fun invokeSuspend ($result: kotlin.Result<kotlin.Any?>): kotlin.Any? declared in kotlin.coroutines.jvm.internal.SuspendLambda
            $this: VALUE_PARAMETER INSTANCE_RECEIVER name:<this> type:<root>.FullComposableKt.ComposableAnimation.<no name provided>
            VALUE_PARAMETER name:$result index:0 type:kotlin.Result<kotlin.Any?>
            BLOCK_BODY
              COMPOSITE type=kotlin.Unit origin=null
                BLOCK type=kotlin.Unit? origin=FOLDED_SAFE_CALL
                  WHEN type=kotlin.Unit? origin=FOLDED_SAFE_CALL
                    BRANCH
                      if: COMPOSITE type=kotlin.Boolean origin=null
                        VAR IR_TEMPORARY_VARIABLE name:tmp3_safe_receiver type:androidx.compose.ui.platform.ComposeView? [val]
                          CALL 'public final fun access$ComposableAnimation$lambda$6 ($composeView$delegate: androidx.compose.runtime.MutableState<androidx.compose.ui.platform.ComposeView?>): androidx.compose.ui.platform.ComposeView? declared in <root>.FullComposableKt' type=androidx.compose.ui.platform.ComposeView? origin=GET_LOCAL_PROPERTY
                            $composeView$delegate: GET_FIELD 'FIELD FIELD_FOR_CAPTURED_VALUE name:$composeView$delegate type:androidx.compose.runtime.MutableState<androidx.compose.ui.platform.ComposeView?> visibility:public/*package*/ [final]' type=androidx.compose.runtime.MutableState<androidx.compose.ui.platform.ComposeView?> origin=null
                              receiver: GET_VAR '<this>: <root>.FullComposableKt.ComposableAnimation.<no name provided> declared in <root>.FullComposableKt.ComposableAnimation.<no name provided>.invokeSuspend' type=<root>.FullComposableKt.ComposableAnimation.<no name provided> origin=null
                        CALL 'public final fun not (): kotlin.Boolean [operator] declared in kotlin.Boolean' type=kotlin.Boolean origin=null
                          $this: CALL 'public final fun EQEQ (arg0: kotlin.Any?, arg1: kotlin.Any?): kotlin.Boolean declared in kotlin.internal.ir' type=kotlin.Boolean origin=null
                            arg0: GET_VAR 'val tmp3_safe_receiver: androidx.compose.ui.platform.ComposeView? [val] declared in <root>.FullComposableKt.ComposableAnimation.<no name provided>.invokeSuspend' type=androidx.compose.ui.platform.ComposeView? origin=null
                            arg1: CONST Null type=kotlin.Nothing? value=null
                      then: CALL 'public final fun let <T, R> (block: kotlin.Function1<T of kotlin.StandardKt.let, R of kotlin.StandardKt.let>): R of kotlin.StandardKt.let [inline] declared in kotlin.StandardKt' type=kotlin.Unit origin=null
                        <T>: androidx.compose.ui.platform.ComposeView
                        <R>: kotlin.Unit
                        $receiver: GET_VAR 'val tmp3_safe_receiver: androidx.compose.ui.platform.ComposeView? [val] declared in <root>.FullComposableKt.ComposableAnimation.<no name provided>.invokeSuspend' type=androidx.compose.ui.platform.ComposeView? origin=null
                        block: BLOCK type=kotlin.Function1<androidx.compose.ui.platform.ComposeView, kotlin.Unit> origin=LAMBDA
                          COMPOSITE type=kotlin.Unit origin=null
                          FUNCTION_REFERENCE 'private final fun invokeSuspend$lambda$0 ($bitmap$delegate: androidx.compose.runtime.MutableState<androidx.compose.ui.graphics.ImageBitmap?>, view: androidx.compose.ui.platform.ComposeView): kotlin.Unit declared in <root>.FullComposableKt.ComposableAnimation.<no name provided>' type=kotlin.Function1<androidx.compose.ui.platform.ComposeView, kotlin.Unit> origin=INLINE_LAMBDA reflectionTarget=null
                            $bitmap$delegate: GET_FIELD 'FIELD FIELD_FOR_CAPTURED_VALUE name:$bitmap$delegate type:androidx.compose.runtime.MutableState<androidx.compose.ui.graphics.ImageBitmap?> visibility:public/*package*/ [final]' type=androidx.compose.runtime.MutableState<androidx.compose.ui.graphics.ImageBitmap?> origin=null
                              receiver: GET_VAR '<this>: <root>.FullComposableKt.ComposableAnimation.<no name provided> declared in <root>.FullComposableKt.ComposableAnimation.<no name provided>.invokeSuspend' type=<root>.FullComposableKt.ComposableAnimation.<no name provided> origin=null
                    BRANCH
                      if: CONST Boolean type=kotlin.Boolean value=true
                      then: CONST Null type=kotlin.Nothing? value=null
          FUN name:create visibility:public modality:FINAL <> ($this:<root>.FullComposableKt.ComposableAnimation.<no name provided>, value:kotlin.Any?, $completion:kotlin.coroutines.Continuation<kotlin.Nothing>) returnType:kotlin.coroutines.Continuation<kotlin.Unit>
            overridden:
              public open fun create (value: kotlin.Any?, $completion: kotlin.coroutines.Continuation<kotlin.Nothing>): kotlin.coroutines.Continuation<kotlin.Unit> declared in kotlin.coroutines.jvm.internal.SuspendLambda
            $this: VALUE_PARAMETER INSTANCE_RECEIVER name:<this> type:<root>.FullComposableKt.ComposableAnimation.<no name provided>
            VALUE_PARAMETER name:value index:0 type:kotlin.Any?
            VALUE_PARAMETER name:$completion index:1 type:kotlin.coroutines.Continuation<kotlin.Nothing>
            BLOCK_BODY
              RETURN type=kotlin.Nothing from='public final fun create (value: kotlin.Any?, $completion: kotlin.coroutines.Continuation<kotlin.Nothing>): kotlin.coroutines.Continuation<kotlin.Unit> declared in <root>.FullComposableKt.ComposableAnimation.<no name provided>'
                CONSTRUCTOR_CALL 'public/*package*/ constructor <init> ($composeView$delegate: androidx.compose.runtime.MutableState<androidx.compose.ui.platform.ComposeView?>, $bitmap$delegate: androidx.compose.runtime.MutableState<androidx.compose.ui.graphics.ImageBitmap?>, $completion: kotlin.coroutines.Continuation<<root>.FullComposableKt.ComposableAnimation.<no name provided>>?) [primary] declared in <root>.FullComposableKt.ComposableAnimation.<no name provided>' type=<root>.FullComposableKt.ComposableAnimation.<no name provided> origin=null
                  $composeView$delegate: GET_FIELD 'FIELD FIELD_FOR_CAPTURED_VALUE name:$composeView$delegate type:androidx.compose.runtime.MutableState<androidx.compose.ui.platform.ComposeView?> visibility:public/*package*/ [final]' type=androidx.compose.runtime.MutableState<androidx.compose.ui.platform.ComposeView?> origin=null
                    receiver: GET_VAR '<this>: <root>.FullComposableKt.ComposableAnimation.<no name provided> declared in <root>.FullComposableKt.ComposableAnimation.<no name provided>.create' type=<root>.FullComposableKt.ComposableAnimation.<no name provided> origin=null
                  $bitmap$delegate: GET_FIELD 'FIELD FIELD_FOR_CAPTURED_VALUE name:$bitmap$delegate type:androidx.compose.runtime.MutableState<androidx.compose.ui.graphics.ImageBitmap?> visibility:public/*package*/ [final]' type=androidx.compose.runtime.MutableState<androidx.compose.ui.graphics.ImageBitmap?> origin=null
                    receiver: GET_VAR '<this>: <root>.FullComposableKt.ComposableAnimation.<no name provided> declared in <root>.FullComposableKt.ComposableAnimation.<no name provided>.create' type=<root>.FullComposableKt.ComposableAnimation.<no name provided> origin=null
                  $completion: GET_VAR '$completion: kotlin.coroutines.Continuation<kotlin.Nothing> declared in <root>.FullComposableKt.ComposableAnimation.<no name provided>.create' type=kotlin.coroutines.Continuation<kotlin.Nothing> origin=null
          FUN name:invoke visibility:public modality:FINAL <> ($this:<root>.FullComposableKt.ComposableAnimation.<no name provided>, p1:kotlinx.coroutines.CoroutineScope, p2:kotlin.coroutines.Continuation<kotlin.Unit>?) returnType:kotlin.Any?
            overridden:
              public abstract fun invoke (p1: P1 of kotlin.jvm.functions.Function2, p2: P2 of kotlin.jvm.functions.Function2): R of kotlin.jvm.functions.Function2 declared in kotlin.jvm.functions.Function2
            $this: VALUE_PARAMETER INSTANCE_RECEIVER name:<this> type:<root>.FullComposableKt.ComposableAnimation.<no name provided>
            VALUE_PARAMETER name:p1 index:0 type:kotlinx.coroutines.CoroutineScope
            VALUE_PARAMETER name:p2 index:1 type:kotlin.coroutines.Continuation<kotlin.Unit>?
            BLOCK_BODY
              RETURN type=kotlin.Nothing from='public final fun invoke (p1: kotlinx.coroutines.CoroutineScope, p2: kotlin.coroutines.Continuation<kotlin.Unit>?): kotlin.Any? declared in <root>.FullComposableKt.ComposableAnimation.<no name provided>'
                CALL 'public final fun invokeSuspend ($result: kotlin.Result<kotlin.Any?>): kotlin.Any? declared in <root>.FullComposableKt.ComposableAnimation.<no name provided>' type=kotlin.Any? origin=null
                  $this: TYPE_OP type=<root>.FullComposableKt.ComposableAnimation.<no name provided> origin=IMPLICIT_CAST typeOperand=<root>.FullComposableKt.ComposableAnimation.<no name provided>
                    CALL 'public final fun create (value: kotlin.Any?, $completion: kotlin.coroutines.Continuation<kotlin.Nothing>): kotlin.coroutines.Continuation<kotlin.Unit> declared in <root>.FullComposableKt.ComposableAnimation.<no name provided>' type=kotlin.coroutines.Continuation<kotlin.Unit> origin=null
                      $this: GET_VAR '<this>: <root>.FullComposableKt.ComposableAnimation.<no name provided> declared in <root>.FullComposableKt.ComposableAnimation.<no name provided>.invoke' type=<root>.FullComposableKt.ComposableAnimation.<no name provided> origin=null
                      value: GET_VAR 'p1: kotlinx.coroutines.CoroutineScope declared in <root>.FullComposableKt.ComposableAnimation.<no name provided>.invoke' type=kotlinx.coroutines.CoroutineScope origin=null
                      $completion: GET_VAR 'p2: kotlin.coroutines.Continuation<kotlin.Unit>? declared in <root>.FullComposableKt.ComposableAnimation.<no name provided>.invoke' type=kotlin.coroutines.Continuation<kotlin.Unit>? origin=null
                  $result: CALL 'public final fun <unsafe-coerce> <T, R> (v: T of kotlin.jvm.internal.<unsafe-coerce>): R of kotlin.jvm.internal.<unsafe-coerce> declared in kotlin.jvm.internal' type=kotlin.Result<kotlin.Any?> origin=null
                    <T>: kotlin.Any?
                    <R>: kotlin.Result<kotlin.Any?>
                    v: GET_FIELD 'FIELD FIELD_FOR_OBJECT_INSTANCE name:INSTANCE type:kotlin.Unit visibility:public [final,static]' type=kotlin.Unit origin=null
          FIELD FIELD_FOR_CAPTURED_VALUE name:$composeView$delegate type:androidx.compose.runtime.MutableState<androidx.compose.ui.platform.ComposeView?> visibility:public/*package*/ [final]
          FIELD FIELD_FOR_CAPTURED_VALUE name:$bitmap$delegate type:androidx.compose.runtime.MutableState<androidx.compose.ui.graphics.ImageBitmap?> visibility:public/*package*/ [final]
          FUN INLINE_LAMBDA name:invokeSuspend$lambda$0 visibility:private modality:FINAL <> ($bitmap$delegate:androidx.compose.runtime.MutableState<androidx.compose.ui.graphics.ImageBitmap?>, view:androidx.compose.ui.platform.ComposeView) returnType:kotlin.Unit
            VALUE_PARAMETER BOUND_VALUE_PARAMETER name:$bitmap$delegate index:0 type:androidx.compose.runtime.MutableState<androidx.compose.ui.graphics.ImageBitmap?>
            VALUE_PARAMETER name:view index:1 type:androidx.compose.ui.platform.ComposeView
            BLOCK_BODY
              VAR name:$i$a$-let-FullComposableKt$ComposableAnimation$3$1 type:kotlin.Int [val]
                CONST Int type=kotlin.Int value=0
              CALL 'public final fun delay (timeMillis: kotlin.Long, $completion: kotlin.coroutines.Continuation<kotlin.Unit>): kotlin.Any? [suspend] declared in kotlinx.coroutines.DelayKt' type=kotlin.Unit origin=null
                timeMillis: CONST Long type=kotlin.Long value=100
                $completion: COMPOSITE type=kotlin.coroutines.Continuation<kotlin.Unit> origin=FAKE_CONTINUATION
              WHEN type=kotlin.Unit origin=IF
                BRANCH
                  if: CALL 'public final fun EQEQ (arg0: kotlin.Any?, arg1: kotlin.Any?): kotlin.Boolean declared in kotlin.internal.ir' type=kotlin.Boolean origin=EQEQ
                    arg0: CALL 'public final fun access$ComposableAnimation$lambda$3 ($bitmap$delegate: androidx.compose.runtime.MutableState<androidx.compose.ui.graphics.ImageBitmap?>): androidx.compose.ui.graphics.ImageBitmap? declared in <root>.FullComposableKt' type=androidx.compose.ui.graphics.ImageBitmap? origin=GET_LOCAL_PROPERTY
                      $bitmap$delegate: GET_VAR '$bitmap$delegate: androidx.compose.runtime.MutableState<androidx.compose.ui.graphics.ImageBitmap?> declared in <root>.FullComposableKt.ComposableAnimation.<no name provided>.invokeSuspend$lambda$0' type=androidx.compose.runtime.MutableState<androidx.compose.ui.graphics.ImageBitmap?> origin=null
                    arg1: CONST Null type=kotlin.Nothing? value=null
                  then: BLOCK type=kotlin.Unit origin=null
                    TRY type=kotlin.Unit
                      try: BLOCK type=kotlin.Unit origin=null
                        VAR name:capturedBitmap type:android.graphics.Bitmap [val]
                          CALL 'public final fun drawToBitmap (config: android.graphics.Bitmap.Config): android.graphics.Bitmap declared in androidx.core.view.ViewKt' type=android.graphics.Bitmap origin=null
                            $receiver: GET_VAR 'view: androidx.compose.ui.platform.ComposeView declared in <root>.FullComposableKt.ComposableAnimation.<no name provided>.invokeSuspend$lambda$0' type=androidx.compose.ui.platform.ComposeView origin=null
                            config: GET_FIELD 'FIELD FIELD_FOR_ENUM_ENTRY name:ARGB_8888 type:android.graphics.Bitmap.Config visibility:public [final,static]' type=android.graphics.Bitmap.Config origin=null
                        CALL 'public final fun access$ComposableAnimation$lambda$4 ($bitmap$delegate: androidx.compose.runtime.MutableState<androidx.compose.ui.graphics.ImageBitmap?>, <set-?>: androidx.compose.ui.graphics.ImageBitmap?): kotlin.Unit declared in <root>.FullComposableKt' type=kotlin.Unit origin=EQ
                          $bitmap$delegate: GET_VAR '$bitmap$delegate: androidx.compose.runtime.MutableState<androidx.compose.ui.graphics.ImageBitmap?> declared in <root>.FullComposableKt.ComposableAnimation.<no name provided>.invokeSuspend$lambda$0' type=androidx.compose.runtime.MutableState<androidx.compose.ui.graphics.ImageBitmap?> origin=null
                          <set-?>: CALL 'public final fun asImageBitmap (): androidx.compose.ui.graphics.ImageBitmap declared in androidx.compose.ui.graphics.AndroidImageBitmap_androidKt' type=androidx.compose.ui.graphics.ImageBitmap origin=null
                            $receiver: GET_VAR 'val capturedBitmap: android.graphics.Bitmap [val] declared in <root>.FullComposableKt.ComposableAnimation.<no name provided>.invokeSuspend$lambda$0' type=android.graphics.Bitmap origin=null
                      CATCH parameter=val e: java.lang.Exception [val] declared in <root>.FullComposableKt.ComposableAnimation.<no name provided>.invokeSuspend$lambda$0
                        VAR CATCH_PARAMETER name:e type:java.lang.Exception [val]
                        BLOCK type=kotlin.Unit origin=null
                          CALL 'public final fun println (message: kotlin.Any?): kotlin.Unit [inline] declared in kotlin.io.ConsoleKt' type=kotlin.Unit origin=null
                            message: STRING_CONCATENATION type=kotlin.String
                              CONST String type=kotlin.String value="Error capturing bitmap: "
                              CALL 'public open fun <get-message> (): kotlin.String? [fake_override] declared in java.lang.Exception' type=kotlin.String? origin=GET_PROPERTY
                                $this: GET_VAR 'val e: java.lang.Exception [val] declared in <root>.FullComposableKt.ComposableAnimation.<no name provided>.invokeSuspend$lambda$0' type=java.lang.Exception origin=null
          FUN BRIDGE name:invoke visibility:public modality:OPEN <> ($this:<root>.FullComposableKt.ComposableAnimation.<no name provided>, p1:kotlin.Any?, p2:kotlin.Any?) returnType:kotlin.Any?
            $this: VALUE_PARAMETER INSTANCE_RECEIVER name:<this> type:<root>.FullComposableKt.ComposableAnimation.<no name provided>
            VALUE_PARAMETER BRIDGE name:p1 index:0 type:kotlin.Any?
            VALUE_PARAMETER BRIDGE name:p2 index:1 type:kotlin.Any?
            EXPRESSION_BODY
              RETURN type=kotlin.Nothing from='public open fun invoke (p1: kotlin.Any?, p2: kotlin.Any?): kotlin.Any? declared in <root>.FullComposableKt.ComposableAnimation.<no name provided>'
                CALL 'public final fun invoke (p1: kotlinx.coroutines.CoroutineScope, p2: kotlin.coroutines.Continuation<kotlin.Unit>?): kotlin.Any? declared in <root>.FullComposableKt.ComposableAnimation.<no name provided>' type=kotlin.Any? origin=BRIDGE_DELEGATION
                  $this: GET_VAR '<this>: <root>.FullComposableKt.ComposableAnimation.<no name provided> declared in <root>.FullComposableKt.ComposableAnimation.<no name provided>.invoke' type=<root>.FullComposableKt.ComposableAnimation.<no name provided> origin=null
                  p1: TYPE_OP type=kotlinx.coroutines.CoroutineScope origin=IMPLICIT_CAST typeOperand=kotlinx.coroutines.CoroutineScope
                    GET_VAR 'p1: kotlin.Any? declared in <root>.FullComposableKt.ComposableAnimation.<no name provided>.invoke' type=kotlin.Any? origin=null
                  p2: TYPE_OP type=kotlin.coroutines.Continuation<*> origin=IMPLICIT_CAST typeOperand=kotlin.coroutines.Continuation<*>
                    GET_VAR 'p2: kotlin.Any? declared in <root>.FullComposableKt.ComposableAnimation.<no name provided>.invoke' type=kotlin.Any? origin=null
        CONSTRUCTOR_CALL 'public/*package*/ constructor <init> ($composeView$delegate: androidx.compose.runtime.MutableState<androidx.compose.ui.platform.ComposeView?>, $bitmap$delegate: androidx.compose.runtime.MutableState<androidx.compose.ui.graphics.ImageBitmap?>, $completion: kotlin.coroutines.Continuation<<root>.FullComposableKt.ComposableAnimation.<no name provided>>?) [primary] declared in <root>.FullComposableKt.ComposableAnimation.<no name provided>' type=<root>.FullComposableKt.ComposableAnimation.<no name provided> origin=null
          $composeView$delegate: GET_VAR 'val composeView$delegate: androidx.compose.runtime.MutableState<androidx.compose.ui.platform.ComposeView?> [val] declared in <root>.FullComposableKt.ComposableAnimation' type=androidx.compose.runtime.MutableState<androidx.compose.ui.platform.ComposeView?> origin=null
          $bitmap$delegate: GET_VAR 'val bitmap$delegate: androidx.compose.runtime.MutableState<androidx.compose.ui.graphics.ImageBitmap?> [val] declared in <root>.FullComposableKt.ComposableAnimation' type=androidx.compose.runtime.MutableState<androidx.compose.ui.graphics.ImageBitmap?> origin=null
          $completion: CONST Null type=kotlin.Nothing? value=null
    CALL 'public final fun Box$default (modifier: androidx.compose.ui.Modifier?, contentAlignment: androidx.compose.ui.Alignment?, propagateMinConstraints: kotlin.Boolean, content: @[Composable] @[ExtensionFunctionType] kotlin.Function1<androidx.compose.foundation.layout.BoxScope, kotlin.Unit>, $mask0: kotlin.Int, $handler: kotlin.Any?): kotlin.Unit [inline] declared in androidx.compose.foundation.layout.BoxKt' type=kotlin.Unit origin=DEFAULT_DISPATCH_CALL
      modifier: GET_VAR 'modifier: androidx.compose.ui.Modifier declared in <root>.FullComposableKt.ComposableAnimation' type=androidx.compose.ui.Modifier origin=null
      contentAlignment: COMPOSITE type=androidx.compose.ui.Alignment? origin=DEFAULT_VALUE
        CONST Null type=androidx.compose.ui.Alignment? value=null
      propagateMinConstraints: COMPOSITE type=kotlin.Boolean origin=DEFAULT_VALUE
        CONST Boolean type=kotlin.Boolean value=false
      content: BLOCK type=@[ExtensionFunctionType] kotlin.Function1<androidx.compose.foundation.layout.BoxScope, kotlin.Unit> origin=LAMBDA
        COMPOSITE type=kotlin.Unit origin=null
        FUNCTION_REFERENCE 'private final fun ComposableAnimation$lambda$23 ($stateHolder: com.example.vanishcomposable.controller.AnimationStateHolder, $bitmap$delegate: androidx.compose.runtime.MutableState<androidx.compose.ui.graphics.ImageBitmap?>, $content: @[Composable] kotlin.Function0<kotlin.Unit>, $composeView$delegate: androidx.compose.runtime.MutableState<androidx.compose.ui.platform.ComposeView?>, $dotSize: kotlin.Float, $density: kotlin.Float, $spacing: kotlin.Float, $randomValues: kotlin.collections.List<kotlin.Float>, $effect: com.example.vanishcomposable.Animation.AnimationEffect, $animationProgress: androidx.compose.runtime.State<kotlin.Float>): kotlin.Unit declared in <root>.FullComposableKt' type=@[ExtensionFunctionType] kotlin.Function1<androidx.compose.foundation.layout.BoxScope, kotlin.Unit> origin=INLINE_LAMBDA reflectionTarget=null
          $stateHolder: GET_VAR 'val stateHolder: com.example.vanishcomposable.controller.AnimationStateHolder [val] declared in <root>.FullComposableKt.ComposableAnimation' type=com.example.vanishcomposable.controller.AnimationStateHolder origin=null
          $bitmap$delegate: GET_VAR 'val bitmap$delegate: androidx.compose.runtime.MutableState<androidx.compose.ui.graphics.ImageBitmap?> [val] declared in <root>.FullComposableKt.ComposableAnimation' type=androidx.compose.runtime.MutableState<androidx.compose.ui.graphics.ImageBitmap?> origin=null
          $content: GET_VAR 'content: @[Composable] kotlin.Function0<kotlin.Unit> declared in <root>.FullComposableKt.ComposableAnimation' type=@[Composable] kotlin.Function0<kotlin.Unit> origin=null
          $composeView$delegate: GET_VAR 'val composeView$delegate: androidx.compose.runtime.MutableState<androidx.compose.ui.platform.ComposeView?> [val] declared in <root>.FullComposableKt.ComposableAnimation' type=androidx.compose.runtime.MutableState<androidx.compose.ui.platform.ComposeView?> origin=null
          $dotSize: GET_VAR 'dotSize: kotlin.Float declared in <root>.FullComposableKt.ComposableAnimation' type=kotlin.Float origin=null
          $density: GET_VAR 'val density: kotlin.Float [val] declared in <root>.FullComposableKt.ComposableAnimation' type=kotlin.Float origin=null
          $spacing: GET_VAR 'spacing: kotlin.Float declared in <root>.FullComposableKt.ComposableAnimation' type=kotlin.Float origin=null
          $randomValues: GET_VAR 'val randomValues: kotlin.collections.List<kotlin.Float> [val] declared in <root>.FullComposableKt.ComposableAnimation' type=kotlin.collections.List<kotlin.Float> origin=null
          $effect: GET_VAR 'effect: com.example.vanishcomposable.Animation.AnimationEffect declared in <root>.FullComposableKt.ComposableAnimation' type=com.example.vanishcomposable.Animation.AnimationEffect origin=null
          $animationProgress: GET_VAR 'val animationProgress: androidx.compose.runtime.State<kotlin.Float> [val] declared in <root>.FullComposableKt.ComposableAnimation' type=androidx.compose.runtime.State<kotlin.Float> origin=null
      $mask0: CONST Int type=kotlin.Int value=6
      $handler: CONST Null type=kotlin.Any? value=null

	at org.jetbrains.kotlin.backend.jvm.codegen.FunctionCodegen.generate(FunctionCodegen.kt:50)
	at org.jetbrains.kotlin.backend.jvm.codegen.FunctionCodegen.generate$default(FunctionCodegen.kt:42)
	at org.jetbrains.kotlin.backend.jvm.codegen.ClassCodegen.generateMethodNode(ClassCodegen.kt:385)
	at org.jetbrains.kotlin.backend.jvm.codegen.ClassCodegen.generateMethod(ClassCodegen.kt:402)
	at org.jetbrains.kotlin.backend.jvm.codegen.ClassCodegen.generate(ClassCodegen.kt:169)
	at org.jetbrains.kotlin.backend.jvm.FileCodegen.lower(JvmPhases.kt:41)
	at org.jetbrains.kotlin.backend.common.phaser.PhaseBuildersKt.makeIrFilePhase$lambda$5(PhaseBuilders.kt:114)
	at org.jetbrains.kotlin.backend.common.phaser.PhaseBuildersKt$createSimpleNamedCompilerPhase$1.phaseBody(PhaseBuilders.kt:71)
	at org.jetbrains.kotlin.backend.common.phaser.SimpleNamedCompilerPhase.phaseBody(CompilerPhase.kt:226)
	at org.jetbrains.kotlin.backend.common.phaser.AbstractNamedCompilerPhase.invoke(CompilerPhase.kt:113)
	at org.jetbrains.kotlin.backend.common.phaser.PerformByIrFilePhase.invokeSequential(performByIrFile.kt:62)
	... 43 more
Caused by: org.jetbrains.kotlin.codegen.CompilationException: Back-end (JVM) Internal error: Couldn't inline method call: CALL 'public final fun remember <T> (calculation: @[DisallowComposableCalls] kotlin.Function0<T of androidx.compose.runtime.ComposablesKt.remember>): T of androidx.compose.runtime.ComposablesKt.remember [inline] declared in androidx.compose.runtime.ComposablesKt' type=com.example.vanishcomposable.controller.AnimationStateHolder origin=null
Method: null
File is unknown
The root cause java.lang.IllegalStateException was thrown at: org.jetbrains.kotlin.codegen.inline.SourceCompilerForInlineKt.getMethodNode(SourceCompilerForInline.kt:118)
	at org.jetbrains.kotlin.codegen.inline.InlineCodegen.performInline(InlineCodegen.kt:65)
	at org.jetbrains.kotlin.backend.jvm.codegen.IrInlineCodegen.genInlineCall(IrInlineCodegen.kt:162)
	at org.jetbrains.kotlin.backend.jvm.codegen.IrInlineCallGenerator.genCall(IrInlineCallGenerator.kt:36)
	at org.jetbrains.kotlin.backend.jvm.codegen.ExpressionCodegen.visitCall(ExpressionCodegen.kt:647)
	at org.jetbrains.kotlin.backend.jvm.codegen.ExpressionCodegen.visitCall(ExpressionCodegen.kt:137)
	at org.jetbrains.kotlin.ir.expressions.IrCall.accept(IrCall.kt:24)
	at org.jetbrains.kotlin.backend.jvm.codegen.ExpressionCodegen.visitVariable(ExpressionCodegen.kt:784)
	at org.jetbrains.kotlin.backend.jvm.codegen.ExpressionCodegen.visitVariable(ExpressionCodegen.kt:137)
	at org.jetbrains.kotlin.ir.declarations.IrVariable.accept(IrVariable.kt:36)
	at org.jetbrains.kotlin.backend.jvm.codegen.ExpressionCodegen.visitStatementContainer(ExpressionCodegen.kt:573)
	at org.jetbrains.kotlin.backend.jvm.codegen.ExpressionCodegen.visitBlockBody(ExpressionCodegen.kt:578)
	at org.jetbrains.kotlin.backend.jvm.codegen.ExpressionCodegen.visitBlockBody(ExpressionCodegen.kt:137)
	at org.jetbrains.kotlin.ir.expressions.IrBlockBody.accept(IrBlockBody.kt:20)
	at org.jetbrains.kotlin.backend.jvm.codegen.ExpressionCodegen.generate(ExpressionCodegen.kt:239)
	at org.jetbrains.kotlin.backend.jvm.codegen.FunctionCodegen.doGenerate(FunctionCodegen.kt:121)
	at org.jetbrains.kotlin.backend.jvm.codegen.FunctionCodegen.generate(FunctionCodegen.kt:46)
	... 53 more
Caused by: java.lang.IllegalStateException: couldn't find inline method Landroidx/compose/runtime/ComposablesKt;.remember(Lkotlin/jvm/functions/Function0;)Ljava/lang/Object;
	at org.jetbrains.kotlin.codegen.inline.SourceCompilerForInlineKt.getMethodNode(SourceCompilerForInline.kt:118)
	at org.jetbrains.kotlin.codegen.inline.SourceCompilerForInlineKt.loadCompiledInlineFunction(SourceCompilerForInline.kt:96)
	at org.jetbrains.kotlin.backend.jvm.codegen.IrSourceCompilerForInline.compileInlineFunction(IrSourceCompilerForInline.kt:91)
	at org.jetbrains.kotlin.codegen.inline.InlineCodegen.compileInline(InlineCodegen.kt:43)
	at org.jetbrains.kotlin.codegen.inline.InlineCodegen.performInline(InlineCodegen.kt:51)
	... 68 more


